[
  {
    "level": "INFO",
    "message": "android.ndkVersion from module build.gradle is not set"
  },
  {
    "level": "INFO",
    "message": "ndk.dir in local.properties is G:\\android-sdk\\ndk\\19.2.5345600"
  },
  {
    "level": "INFO",
    "message": "ANDROID_NDK_HOME environment variable is not set"
  },
  {
    "level": "INFO",
    "message": "sdkFolder is G:\\android-sdk"
  },
  {
    "level": "INFO",
    "message": "Considering G:\\android-sdk\\ndk\\19.2.5345600 by ndk.dir"
  },
  {
    "level": "INFO",
    "message": "Considering G:\\android-sdk\\ndk-bundle in SDK ndk-bundle folder"
  },
  {
    "level": "INFO",
    "message": "Considering G:\\android-sdk\\ndk\\16.1.4479499 in SDK ndk folder"
  },
  {
    "level": "INFO",
    "message": "Considering G:\\android-sdk\\ndk\\19.2.5345600 in SDK ndk folder"
  },
  {
    "level": "INFO",
    "message": "Considering G:\\android-sdk\\ndk\\21.1.6352462 in SDK ndk folder"
  },
  {
    "level": "INFO",
    "message": "Rejected G:\\android-sdk\\ndk-bundle in SDK ndk-bundle folder because that location has no source.properties"
  },
  {
    "level": "INFO",
    "message": "Found requested ndk.dir (G:\\android-sdk\\ndk\\19.2.5345600) which has version 19.2.5345600"
  }
]